<?xml version="1.0" encoding="UTF-8"?>
<!-- Generated by org.testng.reporters.JUnitReportReporter -->
<testsuite skipped="0" hostname="DESKTOP-E2GV2K7" name="com.TestngPackage.TestNGBasics" tests="2" failures="0" timestamp="21 Feb 2019 12:40:03 GMT" time="3.074" errors="0">
  <testcase name="verifySuccessfulLogin" time="2.767" classname="com.TestngPackage.TestNGBasics"/>
  <testcase name="verifyClickProfile" time="0.307" classname="com.TestngPackage.TestNGBasics"/>
</testsuite> <!-- com.TestngPackage.TestNGBasics -->
